{"/Users/aditya_sinha/Desktop/Backend_Evaluation/database/models/companies.js": {"path":"/Users/aditya_sinha/Desktop/Backend_Evaluation/database/models/companies.js","statementMap":{"0":{"start":{"line":4,"column":4},"end":{"line":4,"column":24}},"1":{"start":{"line":5,"column":0},"end":{"line":32,"column":2}},"2":{"start":{"line":14,"column":6},"end":{"line":17,"column":9}},"3":{"start":{"line":20,"column":2},"end":{"line":30,"column":5}},"4":{"start":{"line":31,"column":2},"end":{"line":31,"column":19}}},"fnMap":{"0":{"name":"(anonymous_0)","decl":{"start":{"line":5,"column":17},"end":{"line":5,"column":18}},"loc":{"start":{"line":5,"column":43},"end":{"line":32,"column":1}},"line":5},"1":{"name":"(anonymous_1)","decl":{"start":{"line":12,"column":4},"end":{"line":12,"column":5}},"loc":{"start":{"line":12,"column":29},"end":{"line":18,"column":5}},"line":12}},"branchMap":{},"s":{"0":2,"1":2,"2":2,"3":2,"4":2},"f":{"0":2,"1":2},"b":{},"_coverageSchema":"1a1c01bbd47fc00a2c39e90264f33305004495a9","hash":"4464c986d092764dd6a82decda628af7e1cc9165"}
,"/Users/aditya_sinha/Desktop/Backend_Evaluation/database/models/index.js": {"path":"/Users/aditya_sinha/Desktop/Backend_Evaluation/database/models/index.js","statementMap":{"0":{"start":{"line":3,"column":11},"end":{"line":3,"column":24}},"1":{"start":{"line":4,"column":13},"end":{"line":4,"column":28}},"2":{"start":{"line":5,"column":18},"end":{"line":5,"column":38}},"3":{"start":{"line":6,"column":16},"end":{"line":6,"column":34}},"4":{"start":{"line":7,"column":17},"end":{"line":7,"column":42}},"5":{"start":{"line":8,"column":12},"end":{"line":8,"column":49}},"6":{"start":{"line":9,"column":15},"end":{"line":9,"column":65}},"7":{"start":{"line":10,"column":11},"end":{"line":10,"column":13}},"8":{"start":{"line":13,"column":0},"end":{"line":17,"column":1}},"9":{"start":{"line":14,"column":2},"end":{"line":14,"column":74}},"10":{"start":{"line":16,"column":2},"end":{"line":16,"column":87}},"11":{"start":{"line":19,"column":0},"end":{"line":32,"column":5}},"12":{"start":{"line":22,"column":4},"end":{"line":27,"column":6}},"13":{"start":{"line":30,"column":18},"end":{"line":30,"column":85}},"14":{"start":{"line":31,"column":4},"end":{"line":31,"column":27}},"15":{"start":{"line":34,"column":0},"end":{"line":38,"column":3}},"16":{"start":{"line":35,"column":2},"end":{"line":37,"column":3}},"17":{"start":{"line":36,"column":4},"end":{"line":36,"column":32}},"18":{"start":{"line":40,"column":0},"end":{"line":40,"column":25}},"19":{"start":{"line":41,"column":0},"end":{"line":41,"column":25}},"20":{"start":{"line":43,"column":0},"end":{"line":43,"column":20}}},"fnMap":{"0":{"name":"(anonymous_0)","decl":{"start":{"line":21,"column":10},"end":{"line":21,"column":11}},"loc":{"start":{"line":21,"column":18},"end":{"line":28,"column":3}},"line":21},"1":{"name":"(anonymous_1)","decl":{"start":{"line":29,"column":11},"end":{"line":29,"column":12}},"loc":{"start":{"line":29,"column":19},"end":{"line":32,"column":3}},"line":29},"2":{"name":"(anonymous_2)","decl":{"start":{"line":34,"column":24},"end":{"line":34,"column":25}},"loc":{"start":{"line":34,"column":37},"end":{"line":38,"column":1}},"line":34}},"branchMap":{"0":{"loc":{"start":{"line":8,"column":12},"end":{"line":8,"column":49}},"type":"binary-expr","locations":[{"start":{"line":8,"column":12},"end":{"line":8,"column":32}},{"start":{"line":8,"column":36},"end":{"line":8,"column":49}}],"line":8},"1":{"loc":{"start":{"line":13,"column":0},"end":{"line":17,"column":1}},"type":"if","locations":[{"start":{"line":13,"column":0},"end":{"line":17,"column":1}},{"start":{"line":15,"column":7},"end":{"line":17,"column":1}}],"line":13},"2":{"loc":{"start":{"line":23,"column":6},"end":{"line":26,"column":37}},"type":"binary-expr","locations":[{"start":{"line":23,"column":6},"end":{"line":23,"column":29}},{"start":{"line":24,"column":6},"end":{"line":24,"column":23}},{"start":{"line":25,"column":6},"end":{"line":25,"column":30}},{"start":{"line":26,"column":6},"end":{"line":26,"column":37}}],"line":23},"3":{"loc":{"start":{"line":35,"column":2},"end":{"line":37,"column":3}},"type":"if","locations":[{"start":{"line":35,"column":2},"end":{"line":37,"column":3}},{"start":{},"end":{}}],"line":35}},"s":{"0":2,"1":2,"2":2,"3":2,"4":2,"5":2,"6":2,"7":2,"8":2,"9":0,"10":2,"11":2,"12":6,"13":4,"14":4,"15":2,"16":4,"17":4,"18":2,"19":2,"20":2},"f":{"0":6,"1":4,"2":4},"b":{"0":[2,0],"1":[0,2],"2":[6,6,4,4],"3":[4,0]},"_coverageSchema":"1a1c01bbd47fc00a2c39e90264f33305004495a9","hash":"e599c2a9d326a4f87619eaea4134793ac0b821d7"}
,"/Users/aditya_sinha/Desktop/Backend_Evaluation/database/models/sectors.js": {"path":"/Users/aditya_sinha/Desktop/Backend_Evaluation/database/models/sectors.js","statementMap":{"0":{"start":{"line":4,"column":4},"end":{"line":4,"column":24}},"1":{"start":{"line":5,"column":0},"end":{"line":27,"column":2}},"2":{"start":{"line":14,"column":6},"end":{"line":17,"column":9}},"3":{"start":{"line":20,"column":2},"end":{"line":25,"column":5}},"4":{"start":{"line":26,"column":2},"end":{"line":26,"column":17}}},"fnMap":{"0":{"name":"(anonymous_0)","decl":{"start":{"line":5,"column":17},"end":{"line":5,"column":18}},"loc":{"start":{"line":5,"column":43},"end":{"line":27,"column":1}},"line":5},"1":{"name":"(anonymous_1)","decl":{"start":{"line":12,"column":4},"end":{"line":12,"column":5}},"loc":{"start":{"line":12,"column":29},"end":{"line":18,"column":5}},"line":12}},"branchMap":{},"s":{"0":2,"1":2,"2":2,"3":2,"4":2},"f":{"0":2,"1":2},"b":{},"_coverageSchema":"1a1c01bbd47fc00a2c39e90264f33305004495a9","hash":"ccd4156a9a4080cb2a90dfb6cb2638235ac4362e"}
,"/Users/aditya_sinha/Desktop/Backend_Evaluation/src/controllers/companyController.js": {"path":"/Users/aditya_sinha/Desktop/Backend_Evaluation/src/controllers/companyController.js","statementMap":{"0":{"start":{"line":1,"column":23},"end":{"line":1,"column":60}},"1":{"start":{"line":2,"column":13},"end":{"line":13,"column":1}},"2":{"start":{"line":3,"column":2},"end":{"line":12,"column":3}},"3":{"start":{"line":4,"column":17},"end":{"line":4,"column":25}},"4":{"start":{"line":5,"column":17},"end":{"line":5,"column":53}},"5":{"start":{"line":6,"column":4},"end":{"line":6,"column":22}},"6":{"start":{"line":7,"column":4},"end":{"line":7,"column":122}},"7":{"start":{"line":7,"column":49},"end":{"line":7,"column":117}},"8":{"start":{"line":9,"column":4},"end":{"line":11,"column":7}},"9":{"start":{"line":15,"column":22},"end":{"line":26,"column":1}},"10":{"start":{"line":16,"column":2},"end":{"line":25,"column":3}},"11":{"start":{"line":17,"column":15},"end":{"line":17,"column":27}},"12":{"start":{"line":18,"column":17},"end":{"line":18,"column":25}},"13":{"start":{"line":19,"column":17},"end":{"line":19,"column":68}},"14":{"start":{"line":20,"column":4},"end":{"line":20,"column":31}},"15":{"start":{"line":22,"column":4},"end":{"line":24,"column":7}},"16":{"start":{"line":28,"column":0},"end":{"line":28,"column":41}}},"fnMap":{"0":{"name":"(anonymous_0)","decl":{"start":{"line":2,"column":13},"end":{"line":2,"column":14}},"loc":{"start":{"line":2,"column":33},"end":{"line":13,"column":1}},"line":2},"1":{"name":"(anonymous_1)","decl":{"start":{"line":7,"column":34},"end":{"line":7,"column":35}},"loc":{"start":{"line":7,"column":47},"end":{"line":7,"column":119}},"line":7},"2":{"name":"(anonymous_2)","decl":{"start":{"line":15,"column":22},"end":{"line":15,"column":23}},"loc":{"start":{"line":15,"column":42},"end":{"line":26,"column":1}},"line":15}},"branchMap":{},"s":{"0":1,"1":1,"2":2,"3":2,"4":2,"5":1,"6":1,"7":1,"8":1,"9":1,"10":2,"11":2,"12":1,"13":1,"14":1,"15":1,"16":1},"f":{"0":2,"1":1,"2":2},"b":{},"_coverageSchema":"1a1c01bbd47fc00a2c39e90264f33305004495a9","hash":"25f32b0bca7ebbc67810898c6c525f0f6462954a"}
,"/Users/aditya_sinha/Desktop/Backend_Evaluation/src/helper/index.js": {"path":"/Users/aditya_sinha/Desktop/Backend_Evaluation/src/helper/index.js","statementMap":{"0":{"start":{"line":1,"column":22},"end":{"line":1,"column":52}},"1":{"start":{"line":2,"column":21},"end":{"line":2,"column":55}},"2":{"start":{"line":4,"column":0},"end":{"line":4,"column":49}}},"fnMap":{},"branchMap":{},"s":{"0":2,"1":2,"2":2},"f":{},"b":{},"_coverageSchema":"1a1c01bbd47fc00a2c39e90264f33305004495a9","hash":"9c1d7650ef0f78e17d4bc736371a0d96e1a5d536"}
,"/Users/aditya_sinha/Desktop/Backend_Evaluation/src/middleware/idValidation.js": {"path":"/Users/aditya_sinha/Desktop/Backend_Evaluation/src/middleware/idValidation.js","statementMap":{"0":{"start":{"line":1,"column":12},"end":{"line":1,"column":26}},"1":{"start":{"line":2,"column":21},"end":{"line":12,"column":1}},"2":{"start":{"line":3,"column":17},"end":{"line":5,"column":4}},"3":{"start":{"line":6,"column":20},"end":{"line":6,"column":46}},"4":{"start":{"line":7,"column":2},"end":{"line":10,"column":3}},"5":{"start":{"line":8,"column":4},"end":{"line":8,"column":53}},"6":{"start":{"line":9,"column":4},"end":{"line":9,"column":11}},"7":{"start":{"line":11,"column":2},"end":{"line":11,"column":9}},"8":{"start":{"line":14,"column":0},"end":{"line":14,"column":30}}},"fnMap":{"0":{"name":"(anonymous_0)","decl":{"start":{"line":2,"column":21},"end":{"line":2,"column":22}},"loc":{"start":{"line":2,"column":41},"end":{"line":12,"column":1}},"line":2}},"branchMap":{"0":{"loc":{"start":{"line":7,"column":2},"end":{"line":10,"column":3}},"type":"if","locations":[{"start":{"line":7,"column":2},"end":{"line":10,"column":3}},{"start":{},"end":{}}],"line":7}},"s":{"0":1,"1":1,"2":2,"3":2,"4":2,"5":1,"6":1,"7":1,"8":1},"f":{"0":2},"b":{"0":[1,1]},"_coverageSchema":"1a1c01bbd47fc00a2c39e90264f33305004495a9","hash":"09bcead48c7bbf2456a71dde006ea750e52cd483"}
,"/Users/aditya_sinha/Desktop/Backend_Evaluation/src/middleware/validateBody.js": {"path":"/Users/aditya_sinha/Desktop/Backend_Evaluation/src/middleware/validateBody.js","statementMap":{"0":{"start":{"line":1,"column":12},"end":{"line":1,"column":26}},"1":{"start":{"line":3,"column":21},"end":{"line":13,"column":1}},"2":{"start":{"line":4,"column":17},"end":{"line":6,"column":4}},"3":{"start":{"line":7,"column":20},"end":{"line":7,"column":45}},"4":{"start":{"line":8,"column":2},"end":{"line":11,"column":3}},"5":{"start":{"line":9,"column":4},"end":{"line":9,"column":53}},"6":{"start":{"line":10,"column":4},"end":{"line":10,"column":11}},"7":{"start":{"line":12,"column":2},"end":{"line":12,"column":9}},"8":{"start":{"line":15,"column":0},"end":{"line":15,"column":30}}},"fnMap":{"0":{"name":"(anonymous_0)","decl":{"start":{"line":3,"column":21},"end":{"line":3,"column":22}},"loc":{"start":{"line":3,"column":41},"end":{"line":13,"column":1}},"line":3}},"branchMap":{"0":{"loc":{"start":{"line":8,"column":2},"end":{"line":11,"column":3}},"type":"if","locations":[{"start":{"line":8,"column":2},"end":{"line":11,"column":3}},{"start":{},"end":{}}],"line":8}},"s":{"0":1,"1":1,"2":2,"3":2,"4":2,"5":1,"6":1,"7":1,"8":1},"f":{"0":2},"b":{"0":[1,1]},"_coverageSchema":"1a1c01bbd47fc00a2c39e90264f33305004495a9","hash":"4ee8b9e174c7c7419969c9b4643c1c4c8a75f151"}
,"/Users/aditya_sinha/Desktop/Backend_Evaluation/src/services/companyService.js": {"path":"/Users/aditya_sinha/Desktop/Backend_Evaluation/src/services/companyService.js","statementMap":{"0":{"start":{"line":1,"column":31},"end":{"line":1,"column":63}},"1":{"start":{"line":2,"column":14},"end":{"line":2,"column":40}},"2":{"start":{"line":3,"column":40},"end":{"line":3,"column":60}},"3":{"start":{"line":5,"column":14},"end":{"line":5,"column":30}},"4":{"start":{"line":6,"column":18},"end":{"line":47,"column":1}},"5":{"start":{"line":7,"column":14},"end":{"line":7,"column":38}},"6":{"start":{"line":8,"column":16},"end":{"line":8,"column":35}},"7":{"start":{"line":10,"column":2},"end":{"line":22,"column":5}},"8":{"start":{"line":11,"column":4},"end":{"line":13,"column":5}},"9":{"start":{"line":12,"column":6},"end":{"line":12,"column":13}},"10":{"start":{"line":14,"column":17},"end":{"line":14,"column":40}},"11":{"start":{"line":15,"column":24},"end":{"line":15,"column":69}},"12":{"start":{"line":16,"column":20},"end":{"line":20,"column":5}},"13":{"start":{"line":21,"column":4},"end":{"line":21,"column":36}},"14":{"start":{"line":24,"column":2},"end":{"line":44,"column":5}},"15":{"start":{"line":25,"column":4},"end":{"line":26,"column":13}},"16":{"start":{"line":26,"column":6},"end":{"line":26,"column":13}},"17":{"start":{"line":27,"column":17},"end":{"line":27,"column":40}},"18":{"start":{"line":28,"column":23},"end":{"line":28,"column":67}},"19":{"start":{"line":29,"column":19},"end":{"line":31,"column":5}},"20":{"start":{"line":33,"column":22},"end":{"line":33,"column":50}},"21":{"start":{"line":34,"column":4},"end":{"line":34,"column":27}},"22":{"start":{"line":35,"column":4},"end":{"line":43,"column":7}},"23":{"start":{"line":36,"column":20},"end":{"line":36,"column":223}},"24":{"start":{"line":38,"column":6},"end":{"line":42,"column":9}},"25":{"start":{"line":46,"column":2},"end":{"line":46,"column":29}},"26":{"start":{"line":49,"column":29},"end":{"line":59,"column":1}},"27":{"start":{"line":50,"column":18},"end":{"line":50,"column":64}},"28":{"start":{"line":51,"column":2},"end":{"line":52,"column":14}},"29":{"start":{"line":52,"column":4},"end":{"line":52,"column":14}},"30":{"start":{"line":53,"column":14},"end":{"line":53,"column":52}},"31":{"start":{"line":54,"column":18},"end":{"line":54,"column":68}},"32":{"start":{"line":57,"column":2},"end":{"line":57,"column":74}},"33":{"start":{"line":58,"column":2},"end":{"line":58,"column":50}},"34":{"start":{"line":61,"column":0},"end":{"line":64,"column":2}}},"fnMap":{"0":{"name":"(anonymous_0)","decl":{"start":{"line":6,"column":18},"end":{"line":6,"column":19}},"loc":{"start":{"line":6,"column":41},"end":{"line":47,"column":1}},"line":6},"1":{"name":"(anonymous_1)","decl":{"start":{"line":10,"column":16},"end":{"line":10,"column":17}},"loc":{"start":{"line":10,"column":39},"end":{"line":22,"column":3}},"line":10},"2":{"name":"(anonymous_2)","decl":{"start":{"line":24,"column":16},"end":{"line":24,"column":17}},"loc":{"start":{"line":24,"column":39},"end":{"line":44,"column":3}},"line":24},"3":{"name":"(anonymous_3)","decl":{"start":{"line":35,"column":28},"end":{"line":35,"column":29}},"loc":{"start":{"line":35,"column":47},"end":{"line":43,"column":5}},"line":35},"4":{"name":"(anonymous_4)","decl":{"start":{"line":49,"column":29},"end":{"line":49,"column":30}},"loc":{"start":{"line":49,"column":49},"end":{"line":59,"column":1}},"line":49}},"branchMap":{"0":{"loc":{"start":{"line":11,"column":4},"end":{"line":13,"column":5}},"type":"if","locations":[{"start":{"line":11,"column":4},"end":{"line":13,"column":5}},{"start":{},"end":{}}],"line":11},"1":{"loc":{"start":{"line":25,"column":4},"end":{"line":26,"column":13}},"type":"if","locations":[{"start":{"line":25,"column":4},"end":{"line":26,"column":13}},{"start":{},"end":{}}],"line":25},"2":{"loc":{"start":{"line":51,"column":2},"end":{"line":52,"column":14}},"type":"if","locations":[{"start":{"line":51,"column":2},"end":{"line":52,"column":14}},{"start":{},"end":{}}],"line":51},"3":{"loc":{"start":{"line":53,"column":14},"end":{"line":53,"column":52}},"type":"cond-expr","locations":[{"start":{"line":53,"column":25},"end":{"line":53,"column":33}},{"start":{"line":53,"column":36},"end":{"line":53,"column":52}}],"line":53},"4":{"loc":{"start":{"line":54,"column":18},"end":{"line":54,"column":68}},"type":"cond-expr","locations":[{"start":{"line":54,"column":33},"end":{"line":54,"column":45}},{"start":{"line":54,"column":48},"end":{"line":54,"column":68}}],"line":54}},"s":{"0":2,"1":2,"2":2,"3":2,"4":2,"5":0,"6":0,"7":0,"8":0,"9":0,"10":0,"11":0,"12":0,"13":0,"14":0,"15":0,"16":0,"17":0,"18":0,"19":0,"20":0,"21":0,"22":0,"23":0,"24":0,"25":0,"26":2,"27":2,"28":2,"29":1,"30":1,"31":1,"32":1,"33":1,"34":2},"f":{"0":0,"1":0,"2":0,"3":0,"4":2},"b":{"0":[0,0],"1":[0,0],"2":[1,1],"3":[1,0],"4":[1,0]},"_coverageSchema":"1a1c01bbd47fc00a2c39e90264f33305004495a9","hash":"e7a90452c1e33cb8deef81e3835ecc6024b35089"}
,"/Users/aditya_sinha/Desktop/Backend_Evaluation/src/utils/index.js": {"path":"/Users/aditya_sinha/Desktop/Backend_Evaluation/src/utils/index.js","statementMap":{"0":{"start":{"line":1,"column":17},"end":{"line":1,"column":38}},"1":{"start":{"line":2,"column":20},"end":{"line":2,"column":44}},"2":{"start":{"line":3,"column":0},"end":{"line":3,"column":43}}},"fnMap":{},"branchMap":{},"s":{"0":2,"1":2,"2":2},"f":{},"b":{},"_coverageSchema":"1a1c01bbd47fc00a2c39e90264f33305004495a9","hash":"4f4cdc3dba8f55727f9f8839b974f66023deef45"}
,"/Users/aditya_sinha/Desktop/Backend_Evaluation/src/utils/readData.js": {"path":"/Users/aditya_sinha/Desktop/Backend_Evaluation/src/utils/readData.js","statementMap":{"0":{"start":{"line":1,"column":17},"end":{"line":3,"column":1}},"1":{"start":{"line":2,"column":2},"end":{"line":2,"column":30}},"2":{"start":{"line":5,"column":0},"end":{"line":5,"column":26}}},"fnMap":{"0":{"name":"(anonymous_0)","decl":{"start":{"line":1,"column":17},"end":{"line":1,"column":18}},"loc":{"start":{"line":1,"column":26},"end":{"line":3,"column":1}},"line":1}},"branchMap":{},"s":{"0":2,"1":0,"2":2},"f":{"0":0},"b":{},"_coverageSchema":"1a1c01bbd47fc00a2c39e90264f33305004495a9","hash":"726985cd038e655ee14133979aaf8a5040668f95"}
,"/Users/aditya_sinha/Desktop/Backend_Evaluation/src/utils/splitString.js": {"path":"/Users/aditya_sinha/Desktop/Backend_Evaluation/src/utils/splitString.js","statementMap":{"0":{"start":{"line":1,"column":20},"end":{"line":3,"column":1}},"1":{"start":{"line":2,"column":2},"end":{"line":2,"column":25}},"2":{"start":{"line":5,"column":0},"end":{"line":5,"column":29}}},"fnMap":{"0":{"name":"(anonymous_0)","decl":{"start":{"line":1,"column":20},"end":{"line":1,"column":21}},"loc":{"start":{"line":1,"column":30},"end":{"line":3,"column":1}},"line":1}},"branchMap":{},"s":{"0":2,"1":0,"2":2},"f":{"0":0},"b":{},"_coverageSchema":"1a1c01bbd47fc00a2c39e90264f33305004495a9","hash":"7feadc0626c8442957de04eb7e846fd39233d721"}
}
